INFO - 2023-12-12 10:51:24 --> Session: Class initialized using 'CodeIgniter\Session\Handlers\FileHandler' driver.
CRITICAL - 2023-12-12 10:51:37 --> The action you requested is not allowed.
in SYSTEMPATH\Security\Security.php on line 300.
 1 SYSTEMPATH\Security\Security.php(300): CodeIgniter\Security\Exceptions\SecurityException::forDisallowedAction()
 2 SYSTEMPATH\Filters\CSRF.php(56): CodeIgniter\Security\Security->verify(Object(CodeIgniter\HTTP\IncomingRequest))
 3 SYSTEMPATH\Filters\Filters.php(184): CodeIgniter\Filters\CSRF->before(Object(CodeIgniter\HTTP\IncomingRequest), null)
 4 SYSTEMPATH\CodeIgniter.php(474): CodeIgniter\Filters\Filters->run('login', 'before')
 5 SYSTEMPATH\CodeIgniter.php(361): CodeIgniter\CodeIgniter->handleRequest(null, Object(Config\Cache), false)
 6 FCPATH\index.php(80): CodeIgniter\CodeIgniter->run()
 7 SYSTEMPATH\Commands\Server\rewrite.php(47): require_once('C:\\Apache24\\htdocs\\commerce\\public\\index.php')
CRITICAL - 2023-12-12 10:53:17 --> The action you requested is not allowed.
in SYSTEMPATH\Security\Security.php on line 300.
 1 SYSTEMPATH\Security\Security.php(300): CodeIgniter\Security\Exceptions\SecurityException::forDisallowedAction()
 2 SYSTEMPATH\Filters\CSRF.php(56): CodeIgniter\Security\Security->verify(Object(CodeIgniter\HTTP\IncomingRequest))
 3 SYSTEMPATH\Filters\Filters.php(184): CodeIgniter\Filters\CSRF->before(Object(CodeIgniter\HTTP\IncomingRequest), null)
 4 SYSTEMPATH\CodeIgniter.php(474): CodeIgniter\Filters\Filters->run('login', 'before')
 5 SYSTEMPATH\CodeIgniter.php(361): CodeIgniter\CodeIgniter->handleRequest(null, Object(Config\Cache), false)
 6 FCPATH\index.php(80): CodeIgniter\CodeIgniter->run()
 7 SYSTEMPATH\Commands\Server\rewrite.php(47): require_once('C:\\Apache24\\htdocs\\commerce\\public\\index.php')
CRITICAL - 2023-12-12 10:53:35 --> The action you requested is not allowed.
in SYSTEMPATH\Security\Security.php on line 300.
 1 SYSTEMPATH\Security\Security.php(300): CodeIgniter\Security\Exceptions\SecurityException::forDisallowedAction()
 2 SYSTEMPATH\Filters\CSRF.php(56): CodeIgniter\Security\Security->verify(Object(CodeIgniter\HTTP\IncomingRequest))
 3 SYSTEMPATH\Filters\Filters.php(184): CodeIgniter\Filters\CSRF->before(Object(CodeIgniter\HTTP\IncomingRequest), null)
 4 SYSTEMPATH\CodeIgniter.php(474): CodeIgniter\Filters\Filters->run('login', 'before')
 5 SYSTEMPATH\CodeIgniter.php(361): CodeIgniter\CodeIgniter->handleRequest(null, Object(Config\Cache), false)
 6 FCPATH\index.php(80): CodeIgniter\CodeIgniter->run()
 7 SYSTEMPATH\Commands\Server\rewrite.php(47): require_once('C:\\Apache24\\htdocs\\commerce\\public\\index.php')
INFO - 2023-12-12 10:55:24 --> Session: Class initialized using 'CodeIgniter\Session\Handlers\FileHandler' driver.
INFO - 2023-12-12 11:13:10 --> Session: Class initialized using 'CodeIgniter\Session\Handlers\FileHandler' driver.
CRITICAL - 2023-12-12 11:13:20 --> The action you requested is not allowed.
in SYSTEMPATH\Security\Security.php on line 300.
 1 SYSTEMPATH\Security\Security.php(300): CodeIgniter\Security\Exceptions\SecurityException::forDisallowedAction()
 2 SYSTEMPATH\Filters\CSRF.php(56): CodeIgniter\Security\Security->verify(Object(CodeIgniter\HTTP\IncomingRequest))
 3 SYSTEMPATH\Filters\Filters.php(184): CodeIgniter\Filters\CSRF->before(Object(CodeIgniter\HTTP\IncomingRequest), null)
 4 SYSTEMPATH\CodeIgniter.php(474): CodeIgniter\Filters\Filters->run('login', 'before')
 5 SYSTEMPATH\CodeIgniter.php(361): CodeIgniter\CodeIgniter->handleRequest(null, Object(Config\Cache), false)
 6 FCPATH\index.php(80): CodeIgniter\CodeIgniter->run()
 7 SYSTEMPATH\Commands\Server\rewrite.php(47): require_once('C:\\Apache24\\htdocs\\commerce\\public\\index.php')
CRITICAL - 2023-12-12 11:19:50 --> The action you requested is not allowed.
in SYSTEMPATH\Security\Security.php on line 300.
 1 SYSTEMPATH\Security\Security.php(300): CodeIgniter\Security\Exceptions\SecurityException::forDisallowedAction()
 2 SYSTEMPATH\Filters\CSRF.php(56): CodeIgniter\Security\Security->verify(Object(CodeIgniter\HTTP\IncomingRequest))
 3 SYSTEMPATH\Filters\Filters.php(184): CodeIgniter\Filters\CSRF->before(Object(CodeIgniter\HTTP\IncomingRequest), null)
 4 SYSTEMPATH\CodeIgniter.php(474): CodeIgniter\Filters\Filters->run('login', 'before')
 5 SYSTEMPATH\CodeIgniter.php(361): CodeIgniter\CodeIgniter->handleRequest(null, Object(Config\Cache), false)
 6 FCPATH\index.php(80): CodeIgniter\CodeIgniter->run()
 7 SYSTEMPATH\Commands\Server\rewrite.php(47): require_once('C:\\Apache24\\htdocs\\commerce\\public\\index.php')
CRITICAL - 2023-12-12 11:22:39 --> The action you requested is not allowed.
in SYSTEMPATH\Security\Security.php on line 300.
 1 SYSTEMPATH\Security\Security.php(300): CodeIgniter\Security\Exceptions\SecurityException::forDisallowedAction()
 2 SYSTEMPATH\Filters\CSRF.php(56): CodeIgniter\Security\Security->verify(Object(CodeIgniter\HTTP\IncomingRequest))
 3 SYSTEMPATH\Filters\Filters.php(184): CodeIgniter\Filters\CSRF->before(Object(CodeIgniter\HTTP\IncomingRequest), null)
 4 SYSTEMPATH\CodeIgniter.php(474): CodeIgniter\Filters\Filters->run('login', 'before')
 5 SYSTEMPATH\CodeIgniter.php(361): CodeIgniter\CodeIgniter->handleRequest(null, Object(Config\Cache), false)
 6 FCPATH\index.php(80): CodeIgniter\CodeIgniter->run()
 7 SYSTEMPATH\Commands\Server\rewrite.php(47): require_once('C:\\Apache24\\htdocs\\commerce\\public\\index.php')
CRITICAL - 2023-12-12 11:22:46 --> The action you requested is not allowed.
in SYSTEMPATH\Security\Security.php on line 300.
 1 SYSTEMPATH\Security\Security.php(300): CodeIgniter\Security\Exceptions\SecurityException::forDisallowedAction()
 2 SYSTEMPATH\Filters\CSRF.php(56): CodeIgniter\Security\Security->verify(Object(CodeIgniter\HTTP\IncomingRequest))
 3 SYSTEMPATH\Filters\Filters.php(184): CodeIgniter\Filters\CSRF->before(Object(CodeIgniter\HTTP\IncomingRequest), null)
 4 SYSTEMPATH\CodeIgniter.php(474): CodeIgniter\Filters\Filters->run('login', 'before')
 5 SYSTEMPATH\CodeIgniter.php(361): CodeIgniter\CodeIgniter->handleRequest(null, Object(Config\Cache), false)
 6 FCPATH\index.php(80): CodeIgniter\CodeIgniter->run()
 7 SYSTEMPATH\Commands\Server\rewrite.php(47): require_once('C:\\Apache24\\htdocs\\commerce\\public\\index.php')
CRITICAL - 2023-12-12 11:24:22 --> The action you requested is not allowed.
in SYSTEMPATH\Security\Security.php on line 301.
 1 SYSTEMPATH\Security\Security.php(301): CodeIgniter\Security\Exceptions\SecurityException::forDisallowedAction()
 2 SYSTEMPATH\Filters\CSRF.php(56): CodeIgniter\Security\Security->verify(Object(CodeIgniter\HTTP\IncomingRequest))
 3 SYSTEMPATH\Filters\Filters.php(184): CodeIgniter\Filters\CSRF->before(Object(CodeIgniter\HTTP\IncomingRequest), null)
 4 SYSTEMPATH\CodeIgniter.php(474): CodeIgniter\Filters\Filters->run('login', 'before')
 5 SYSTEMPATH\CodeIgniter.php(361): CodeIgniter\CodeIgniter->handleRequest(null, Object(Config\Cache), false)
 6 FCPATH\index.php(80): CodeIgniter\CodeIgniter->run()
 7 SYSTEMPATH\Commands\Server\rewrite.php(47): require_once('C:\\Apache24\\htdocs\\commerce\\public\\index.php')
CRITICAL - 2023-12-12 11:26:20 --> The action you requested is not allowed.
in SYSTEMPATH\Security\Security.php on line 301.
 1 SYSTEMPATH\Security\Security.php(301): CodeIgniter\Security\Exceptions\SecurityException::forDisallowedAction()
 2 SYSTEMPATH\Filters\CSRF.php(56): CodeIgniter\Security\Security->verify(Object(CodeIgniter\HTTP\IncomingRequest))
 3 SYSTEMPATH\Filters\Filters.php(184): CodeIgniter\Filters\CSRF->before(Object(CodeIgniter\HTTP\IncomingRequest), null)
 4 SYSTEMPATH\CodeIgniter.php(474): CodeIgniter\Filters\Filters->run('login', 'before')
 5 SYSTEMPATH\CodeIgniter.php(361): CodeIgniter\CodeIgniter->handleRequest(null, Object(Config\Cache), false)
 6 FCPATH\index.php(80): CodeIgniter\CodeIgniter->run()
 7 SYSTEMPATH\Commands\Server\rewrite.php(47): require_once('C:\\Apache24\\htdocs\\commerce\\public\\index.php')
CRITICAL - 2023-12-12 11:26:58 --> The action you requested is not allowed.
in SYSTEMPATH\Security\Security.php on line 301.
 1 SYSTEMPATH\Security\Security.php(301): CodeIgniter\Security\Exceptions\SecurityException::forDisallowedAction()
 2 SYSTEMPATH\Filters\CSRF.php(56): CodeIgniter\Security\Security->verify(Object(CodeIgniter\HTTP\IncomingRequest))
 3 SYSTEMPATH\Filters\Filters.php(184): CodeIgniter\Filters\CSRF->before(Object(CodeIgniter\HTTP\IncomingRequest), null)
 4 SYSTEMPATH\CodeIgniter.php(474): CodeIgniter\Filters\Filters->run('login', 'before')
 5 SYSTEMPATH\CodeIgniter.php(361): CodeIgniter\CodeIgniter->handleRequest(null, Object(Config\Cache), false)
 6 FCPATH\index.php(80): CodeIgniter\CodeIgniter->run()
 7 SYSTEMPATH\Commands\Server\rewrite.php(47): require_once('C:\\Apache24\\htdocs\\commerce\\public\\index.php')
INFO - 2023-12-12 11:28:52 --> Session: Class initialized using 'CodeIgniter\Session\Handlers\FileHandler' driver.
INFO - 2023-12-12 11:29:12 --> Session: Class initialized using 'CodeIgniter\Session\Handlers\FileHandler' driver.
INFO - 2023-12-12 11:29:12 --> Session: Class initialized using 'CodeIgniter\Session\Handlers\FileHandler' driver.
INFO - 2023-12-12 11:29:15 --> Session: Class initialized using 'CodeIgniter\Session\Handlers\FileHandler' driver.
INFO - 2023-12-12 11:29:15 --> Session: Class initialized using 'CodeIgniter\Session\Handlers\FileHandler' driver.
INFO - 2023-12-12 11:29:31 --> Session: Class initialized using 'CodeIgniter\Session\Handlers\FileHandler' driver.
CRITICAL - 2023-12-12 11:29:31 --> The action you requested is not allowed.
in SYSTEMPATH\Security\Security.php on line 301.
 1 SYSTEMPATH\Security\Security.php(301): CodeIgniter\Security\Exceptions\SecurityException::forDisallowedAction()
 2 SYSTEMPATH\Filters\CSRF.php(56): CodeIgniter\Security\Security->verify(Object(CodeIgniter\HTTP\IncomingRequest))
 3 SYSTEMPATH\Filters\Filters.php(184): CodeIgniter\Filters\CSRF->before(Object(CodeIgniter\HTTP\IncomingRequest), null)
 4 SYSTEMPATH\CodeIgniter.php(474): CodeIgniter\Filters\Filters->run('login', 'before')
 5 SYSTEMPATH\CodeIgniter.php(361): CodeIgniter\CodeIgniter->handleRequest(null, Object(Config\Cache), false)
 6 FCPATH\index.php(80): CodeIgniter\CodeIgniter->run()
 7 SYSTEMPATH\Commands\Server\rewrite.php(47): require_once('C:\\Apache24\\htdocs\\commerce\\public\\index.php')
INFO - 2023-12-12 11:29:39 --> Session: Class initialized using 'CodeIgniter\Session\Handlers\FileHandler' driver.
INFO - 2023-12-12 11:29:39 --> Session: Class initialized using 'CodeIgniter\Session\Handlers\FileHandler' driver.
INFO - 2023-12-12 11:29:44 --> Session: Class initialized using 'CodeIgniter\Session\Handlers\FileHandler' driver.
INFO - 2023-12-12 11:29:44 --> Session: Class initialized using 'CodeIgniter\Session\Handlers\FileHandler' driver.
INFO - 2023-12-12 11:29:53 --> Session: Class initialized using 'CodeIgniter\Session\Handlers\FileHandler' driver.
CRITICAL - 2023-12-12 11:29:53 --> The action you requested is not allowed.
in SYSTEMPATH\Security\Security.php on line 301.
 1 SYSTEMPATH\Security\Security.php(301): CodeIgniter\Security\Exceptions\SecurityException::forDisallowedAction()
 2 SYSTEMPATH\Filters\CSRF.php(56): CodeIgniter\Security\Security->verify(Object(CodeIgniter\HTTP\IncomingRequest))
 3 SYSTEMPATH\Filters\Filters.php(184): CodeIgniter\Filters\CSRF->before(Object(CodeIgniter\HTTP\IncomingRequest), null)
 4 SYSTEMPATH\CodeIgniter.php(474): CodeIgniter\Filters\Filters->run('login', 'before')
 5 SYSTEMPATH\CodeIgniter.php(361): CodeIgniter\CodeIgniter->handleRequest(null, Object(Config\Cache), false)
 6 FCPATH\index.php(80): CodeIgniter\CodeIgniter->run()
 7 SYSTEMPATH\Commands\Server\rewrite.php(47): require_once('C:\\Apache24\\htdocs\\commerce\\public\\index.php')
INFO - 2023-12-12 11:30:24 --> Session: Class initialized using 'CodeIgniter\Session\Handlers\FileHandler' driver.
CRITICAL - 2023-12-12 11:30:24 --> The action you requested is not allowed.
in SYSTEMPATH\Security\Security.php on line 300.
 1 SYSTEMPATH\Security\Security.php(300): CodeIgniter\Security\Exceptions\SecurityException::forDisallowedAction()
 2 SYSTEMPATH\Filters\CSRF.php(56): CodeIgniter\Security\Security->verify(Object(CodeIgniter\HTTP\IncomingRequest))
 3 SYSTEMPATH\Filters\Filters.php(184): CodeIgniter\Filters\CSRF->before(Object(CodeIgniter\HTTP\IncomingRequest), null)
 4 SYSTEMPATH\CodeIgniter.php(474): CodeIgniter\Filters\Filters->run('login', 'before')
 5 SYSTEMPATH\CodeIgniter.php(361): CodeIgniter\CodeIgniter->handleRequest(null, Object(Config\Cache), false)
 6 FCPATH\index.php(80): CodeIgniter\CodeIgniter->run()
 7 SYSTEMPATH\Commands\Server\rewrite.php(47): require_once('C:\\Apache24\\htdocs\\commerce\\public\\index.php')
INFO - 2023-12-12 12:21:45 --> Session: Class initialized using 'CodeIgniter\Session\Handlers\FileHandler' driver.
INFO - 2023-12-12 12:21:45 --> UserController initialized
INFO - 2023-12-12 12:21:46 --> Session: Class initialized using 'CodeIgniter\Session\Handlers\FileHandler' driver.
INFO - 2023-12-12 12:21:51 --> Session: Class initialized using 'CodeIgniter\Session\Handlers\FileHandler' driver.
INFO - 2023-12-12 12:21:51 --> UserController initialized
INFO - 2023-12-12 12:21:51 --> Session: Class initialized using 'CodeIgniter\Session\Handlers\FileHandler' driver.
INFO - 2023-12-12 12:21:51 --> UserController initialized
INFO - 2023-12-12 12:21:51 --> Session: Class initialized using 'CodeIgniter\Session\Handlers\FileHandler' driver.
INFO - 2023-12-12 12:21:51 --> Session: Class initialized using 'CodeIgniter\Session\Handlers\FileHandler' driver.
INFO - 2023-12-12 12:22:01 --> Session: Class initialized using 'CodeIgniter\Session\Handlers\FileHandler' driver.
INFO - 2023-12-12 12:22:01 --> UserController initialized
INFO - 2023-12-12 12:22:01 --> Session: Class initialized using 'CodeIgniter\Session\Handlers\FileHandler' driver.
INFO - 2023-12-12 12:23:28 --> Session: Class initialized using 'CodeIgniter\Session\Handlers\FileHandler' driver.
INFO - 2023-12-12 12:23:28 --> UserController initialized
INFO - 2023-12-12 12:23:28 --> Session: Class initialized using 'CodeIgniter\Session\Handlers\FileHandler' driver.
INFO - 2023-12-12 12:23:50 --> Session: Class initialized using 'CodeIgniter\Session\Handlers\FileHandler' driver.
CRITICAL - 2023-12-12 12:23:50 --> The action you requested is not allowed.
in SYSTEMPATH\Security\Security.php on line 300.
 1 SYSTEMPATH\Security\Security.php(300): CodeIgniter\Security\Exceptions\SecurityException::forDisallowedAction()
 2 SYSTEMPATH\Filters\CSRF.php(56): CodeIgniter\Security\Security->verify(Object(CodeIgniter\HTTP\IncomingRequest))
 3 SYSTEMPATH\Filters\Filters.php(184): CodeIgniter\Filters\CSRF->before(Object(CodeIgniter\HTTP\IncomingRequest), null)
 4 SYSTEMPATH\CodeIgniter.php(474): CodeIgniter\Filters\Filters->run('login', 'before')
 5 SYSTEMPATH\CodeIgniter.php(361): CodeIgniter\CodeIgniter->handleRequest(null, Object(Config\Cache), false)
 6 FCPATH\index.php(80): CodeIgniter\CodeIgniter->run()
 7 SYSTEMPATH\Commands\Server\rewrite.php(47): require_once('C:\\Apache24\\htdocs\\commerce\\public\\index.php')
CRITICAL - 2023-12-12 12:44:43 --> Undefined property: Config\Security::$cookieName
in SYSTEMPATH\Security\Security.php on line 196.
 1 SYSTEMPATH\Security\Security.php(196): CodeIgniter\Debug\Exceptions->errorHandler(2, 'Undefined property: Config\\Security::$cookieName', 'C:\\Apache24\\htdocs\\commerce\\system\\Security\\Security.php', 196)
 2 SYSTEMPATH\Config\Services.php(653): CodeIgniter\Security\Security->__construct(Object(Config\Security))
 3 SYSTEMPATH\Config\BaseService.php(258): CodeIgniter\Config\Services::security(Object(Config\Security), false)
 4 SYSTEMPATH\Config\BaseService.php(199): CodeIgniter\Config\BaseService::__callStatic('security', [...])
 5 SYSTEMPATH\Config\Services.php(648): CodeIgniter\Config\BaseService::getSharedInstance('security', null)
 6 SYSTEMPATH\Config\BaseService.php(258): CodeIgniter\Config\Services::security()
 7 SYSTEMPATH\Filters\CSRF.php(53): CodeIgniter\Config\BaseService::__callStatic('security', [])
 8 SYSTEMPATH\Filters\Filters.php(184): CodeIgniter\Filters\CSRF->before(Object(CodeIgniter\HTTP\IncomingRequest), null)
 9 SYSTEMPATH\CodeIgniter.php(474): CodeIgniter\Filters\Filters->run('login', 'before')
10 SYSTEMPATH\CodeIgniter.php(361): CodeIgniter\CodeIgniter->handleRequest(null, Object(Config\Cache), false)
11 FCPATH\index.php(80): CodeIgniter\CodeIgniter->run()
12 SYSTEMPATH\Commands\Server\rewrite.php(47): require_once('C:\\Apache24\\htdocs\\commerce\\public\\index.php')
INFO - 2023-12-12 12:45:25 --> Session: Class initialized using 'CodeIgniter\Session\Handlers\FileHandler' driver.
CRITICAL - 2023-12-12 12:45:25 --> The action you requested is not allowed.
in SYSTEMPATH\Security\Security.php on line 300.
 1 SYSTEMPATH\Security\Security.php(300): CodeIgniter\Security\Exceptions\SecurityException::forDisallowedAction()
 2 SYSTEMPATH\Filters\CSRF.php(56): CodeIgniter\Security\Security->verify(Object(CodeIgniter\HTTP\IncomingRequest))
 3 SYSTEMPATH\Filters\Filters.php(184): CodeIgniter\Filters\CSRF->before(Object(CodeIgniter\HTTP\IncomingRequest), null)
 4 SYSTEMPATH\CodeIgniter.php(474): CodeIgniter\Filters\Filters->run('login', 'before')
 5 SYSTEMPATH\CodeIgniter.php(361): CodeIgniter\CodeIgniter->handleRequest(null, Object(Config\Cache), false)
 6 FCPATH\index.php(80): CodeIgniter\CodeIgniter->run()
 7 SYSTEMPATH\Commands\Server\rewrite.php(47): require_once('C:\\Apache24\\htdocs\\commerce\\public\\index.php')
INFO - 2023-12-12 12:45:31 --> Session: Class initialized using 'CodeIgniter\Session\Handlers\FileHandler' driver.
INFO - 2023-12-12 12:45:31 --> Session: Class initialized using 'CodeIgniter\Session\Handlers\FileHandler' driver.
INFO - 2023-12-12 12:45:32 --> Session: Class initialized using 'CodeIgniter\Session\Handlers\FileHandler' driver.
CRITICAL - 2023-12-12 12:45:32 --> session_destroy(): Trying to destroy uninitialized session
in SYSTEMPATH\Session\Session.php on line 434.
 1 [internal function]: CodeIgniter\Debug\Exceptions->errorHandler(2, 'session_destroy(): Trying to destroy uninitialized session', 'C:\\Apache24\\htdocs\\commerce\\system\\Session\\Session.php', 434)
 2 SYSTEMPATH\Session\Session.php(434): session_destroy()
 3 APPPATH\Controllers\AuthController.php(64): CodeIgniter\Session\Session->destroy()
 4 SYSTEMPATH\CodeIgniter.php(942): App\Controllers\AuthController->logout()
 5 SYSTEMPATH\CodeIgniter.php(502): CodeIgniter\CodeIgniter->runController(Object(App\Controllers\AuthController))
 6 SYSTEMPATH\CodeIgniter.php(361): CodeIgniter\CodeIgniter->handleRequest(null, Object(Config\Cache), false)
 7 FCPATH\index.php(80): CodeIgniter\CodeIgniter->run()
 8 SYSTEMPATH\Commands\Server\rewrite.php(47): require_once('C:\\Apache24\\htdocs\\commerce\\public\\index.php')
INFO - 2023-12-12 12:46:53 --> Session: Class initialized using 'CodeIgniter\Session\Handlers\FileHandler' driver.
CRITICAL - 2023-12-12 12:46:53 --> session_destroy(): Trying to destroy uninitialized session
in SYSTEMPATH\Session\Session.php on line 434.
 1 [internal function]: CodeIgniter\Debug\Exceptions->errorHandler(2, 'session_destroy(): Trying to destroy uninitialized session', 'C:\\Apache24\\htdocs\\commerce\\system\\Session\\Session.php', 434)
 2 SYSTEMPATH\Session\Session.php(434): session_destroy()
 3 APPPATH\Controllers\AuthController.php(65): CodeIgniter\Session\Session->destroy()
 4 SYSTEMPATH\CodeIgniter.php(942): App\Controllers\AuthController->logout()
 5 SYSTEMPATH\CodeIgniter.php(502): CodeIgniter\CodeIgniter->runController(Object(App\Controllers\AuthController))
 6 SYSTEMPATH\CodeIgniter.php(361): CodeIgniter\CodeIgniter->handleRequest(null, Object(Config\Cache), false)
 7 FCPATH\index.php(80): CodeIgniter\CodeIgniter->run()
 8 SYSTEMPATH\Commands\Server\rewrite.php(47): require_once('C:\\Apache24\\htdocs\\commerce\\public\\index.php')
INFO - 2023-12-12 12:46:54 --> Session: Class initialized using 'CodeIgniter\Session\Handlers\FileHandler' driver.
CRITICAL - 2023-12-12 12:46:54 --> session_destroy(): Trying to destroy uninitialized session
in SYSTEMPATH\Session\Session.php on line 434.
 1 [internal function]: CodeIgniter\Debug\Exceptions->errorHandler(2, 'session_destroy(): Trying to destroy uninitialized session', 'C:\\Apache24\\htdocs\\commerce\\system\\Session\\Session.php', 434)
 2 SYSTEMPATH\Session\Session.php(434): session_destroy()
 3 APPPATH\Controllers\AuthController.php(65): CodeIgniter\Session\Session->destroy()
 4 SYSTEMPATH\CodeIgniter.php(942): App\Controllers\AuthController->logout()
 5 SYSTEMPATH\CodeIgniter.php(502): CodeIgniter\CodeIgniter->runController(Object(App\Controllers\AuthController))
 6 SYSTEMPATH\CodeIgniter.php(361): CodeIgniter\CodeIgniter->handleRequest(null, Object(Config\Cache), false)
 7 FCPATH\index.php(80): CodeIgniter\CodeIgniter->run()
 8 SYSTEMPATH\Commands\Server\rewrite.php(47): require_once('C:\\Apache24\\htdocs\\commerce\\public\\index.php')
INFO - 2023-12-12 12:46:55 --> Session: Class initialized using 'CodeIgniter\Session\Handlers\FileHandler' driver.
CRITICAL - 2023-12-12 12:46:55 --> session_destroy(): Trying to destroy uninitialized session
in SYSTEMPATH\Session\Session.php on line 434.
 1 [internal function]: CodeIgniter\Debug\Exceptions->errorHandler(2, 'session_destroy(): Trying to destroy uninitialized session', 'C:\\Apache24\\htdocs\\commerce\\system\\Session\\Session.php', 434)
 2 SYSTEMPATH\Session\Session.php(434): session_destroy()
 3 APPPATH\Controllers\AuthController.php(65): CodeIgniter\Session\Session->destroy()
 4 SYSTEMPATH\CodeIgniter.php(942): App\Controllers\AuthController->logout()
 5 SYSTEMPATH\CodeIgniter.php(502): CodeIgniter\CodeIgniter->runController(Object(App\Controllers\AuthController))
 6 SYSTEMPATH\CodeIgniter.php(361): CodeIgniter\CodeIgniter->handleRequest(null, Object(Config\Cache), false)
 7 FCPATH\index.php(80): CodeIgniter\CodeIgniter->run()
 8 SYSTEMPATH\Commands\Server\rewrite.php(47): require_once('C:\\Apache24\\htdocs\\commerce\\public\\index.php')
INFO - 2023-12-12 12:47:06 --> Session: Class initialized using 'CodeIgniter\Session\Handlers\FileHandler' driver.
INFO - 2023-12-12 12:47:06 --> Session: Class initialized using 'CodeIgniter\Session\Handlers\FileHandler' driver.
INFO - 2023-12-12 12:47:47 --> Session: Class initialized using 'CodeIgniter\Session\Handlers\FileHandler' driver.
INFO - 2023-12-12 12:47:48 --> Session: Class initialized using 'CodeIgniter\Session\Handlers\FileHandler' driver.
INFO - 2023-12-12 12:48:02 --> Session: Class initialized using 'CodeIgniter\Session\Handlers\FileHandler' driver.
INFO - 2023-12-12 12:48:02 --> Session: Class initialized using 'CodeIgniter\Session\Handlers\FileHandler' driver.
INFO - 2023-12-12 12:48:08 --> Session: Class initialized using 'CodeIgniter\Session\Handlers\FileHandler' driver.
INFO - 2023-12-12 12:48:08 --> Session: Class initialized using 'CodeIgniter\Session\Handlers\FileHandler' driver.
INFO - 2023-12-12 12:48:20 --> Session: Class initialized using 'CodeIgniter\Session\Handlers\FileHandler' driver.
CRITICAL - 2023-12-12 12:48:20 --> The action you requested is not allowed.
in SYSTEMPATH\Security\Security.php on line 300.
 1 SYSTEMPATH\Security\Security.php(300): CodeIgniter\Security\Exceptions\SecurityException::forDisallowedAction()
 2 SYSTEMPATH\Filters\CSRF.php(56): CodeIgniter\Security\Security->verify(Object(CodeIgniter\HTTP\IncomingRequest))
 3 SYSTEMPATH\Filters\Filters.php(184): CodeIgniter\Filters\CSRF->before(Object(CodeIgniter\HTTP\IncomingRequest), null)
 4 SYSTEMPATH\CodeIgniter.php(474): CodeIgniter\Filters\Filters->run('login', 'before')
 5 SYSTEMPATH\CodeIgniter.php(361): CodeIgniter\CodeIgniter->handleRequest(null, Object(Config\Cache), false)
 6 FCPATH\index.php(80): CodeIgniter\CodeIgniter->run()
 7 SYSTEMPATH\Commands\Server\rewrite.php(47): require_once('C:\\Apache24\\htdocs\\commerce\\public\\index.php')
INFO - 2023-12-12 12:56:16 --> Session: Class initialized using 'CodeIgniter\Session\Handlers\FileHandler' driver.
INFO - 2023-12-12 12:56:16 --> CSRF token verified.
INFO - 2023-12-12 12:56:16 --> AuthController initialized
INFO - 2023-12-12 12:56:16 --> type USERNAME
INFO - 2023-12-12 12:56:16 --> user user1 found and loged in
INFO - 2023-12-12 12:56:16 --> session created with s_id 5puo7utc91f1rk6btrm3la3676k251ng
INFO - 2023-12-12 12:56:16 --> Session: Class initialized using 'CodeIgniter\Session\Handlers\FileHandler' driver.
INFO - 2023-12-12 12:56:51 --> Session: Class initialized using 'CodeIgniter\Session\Handlers\FileHandler' driver.
INFO - 2023-12-12 12:56:51 --> CSRF token verified.
INFO - 2023-12-12 12:56:51 --> AuthController initialized
INFO - 2023-12-12 12:56:51 --> type USERNAME
INFO - 2023-12-12 12:56:51 --> user user1 found and loged in
INFO - 2023-12-12 12:56:51 --> session created with s_id 5puo7utc91f1rk6btrm3la3676k251ng
INFO - 2023-12-12 12:56:51 --> Session: Class initialized using 'CodeIgniter\Session\Handlers\FileHandler' driver.
INFO - 2023-12-12 13:01:35 --> Session: Class initialized using 'CodeIgniter\Session\Handlers\FileHandler' driver.
INFO - 2023-12-12 13:01:35 --> CSRF token verified.
INFO - 2023-12-12 13:01:35 --> AuthController initialized
INFO - 2023-12-12 13:01:35 --> type USERNAME
INFO - 2023-12-12 13:01:35 --> user user1 found and loged in
INFO - 2023-12-12 13:01:35 --> session created with s_id hhh30nld3p2jf5sbq8ll8vpqnbmnv7uo
INFO - 2023-12-12 13:01:36 --> Session: Class initialized using 'CodeIgniter\Session\Handlers\FileHandler' driver.
INFO - 2023-12-12 13:02:15 --> Session: Class initialized using 'CodeIgniter\Session\Handlers\FileHandler' driver.
INFO - 2023-12-12 13:02:15 --> CSRF token verified.
INFO - 2023-12-12 13:02:15 --> AuthController initialized
INFO - 2023-12-12 13:02:15 --> type USERNAME
INFO - 2023-12-12 13:02:15 --> user user1 found and loged in
INFO - 2023-12-12 13:02:15 --> session created with s_id hhh30nld3p2jf5sbq8ll8vpqnbmnv7uo
INFO - 2023-12-12 13:02:15 --> Session: Class initialized using 'CodeIgniter\Session\Handlers\FileHandler' driver.
INFO - 2023-12-12 13:02:42 --> Session: Class initialized using 'CodeIgniter\Session\Handlers\FileHandler' driver.
CRITICAL - 2023-12-12 13:02:42 --> The action you requested is not allowed.
in SYSTEMPATH\Security\Security.php on line 300.
 1 SYSTEMPATH\Security\Security.php(300): CodeIgniter\Security\Exceptions\SecurityException::forDisallowedAction()
 2 SYSTEMPATH\Filters\CSRF.php(56): CodeIgniter\Security\Security->verify(Object(CodeIgniter\HTTP\IncomingRequest))
 3 SYSTEMPATH\Filters\Filters.php(184): CodeIgniter\Filters\CSRF->before(Object(CodeIgniter\HTTP\IncomingRequest), null)
 4 SYSTEMPATH\CodeIgniter.php(474): CodeIgniter\Filters\Filters->run('login', 'before')
 5 SYSTEMPATH\CodeIgniter.php(361): CodeIgniter\CodeIgniter->handleRequest(null, Object(Config\Cache), false)
 6 FCPATH\index.php(80): CodeIgniter\CodeIgniter->run()
 7 SYSTEMPATH\Commands\Server\rewrite.php(47): require_once('C:\\Apache24\\htdocs\\commerce\\public\\index.php')
INFO - 2023-12-12 13:02:57 --> AuthController initialized
INFO - 2023-12-12 13:02:57 --> type USERNAME
INFO - 2023-12-12 13:02:57 --> user user1 found and loged in
INFO - 2023-12-12 13:02:57 --> Session: Class initialized using 'CodeIgniter\Session\Handlers\FileHandler' driver.
INFO - 2023-12-12 13:02:57 --> session created with s_id hhh30nld3p2jf5sbq8ll8vpqnbmnv7uo
INFO - 2023-12-12 13:02:57 --> Session: Class initialized using 'CodeIgniter\Session\Handlers\FileHandler' driver.
INFO - 2023-12-12 13:03:15 --> Session: Class initialized using 'CodeIgniter\Session\Handlers\FileHandler' driver.
INFO - 2023-12-12 13:03:15 --> Session: Class initialized using 'CodeIgniter\Session\Handlers\FileHandler' driver.
INFO - 2023-12-12 13:03:17 --> Session: Class initialized using 'CodeIgniter\Session\Handlers\FileHandler' driver.
INFO - 2023-12-12 13:03:17 --> Session: Class initialized using 'CodeIgniter\Session\Handlers\FileHandler' driver.
INFO - 2023-12-12 13:03:19 --> Session: Class initialized using 'CodeIgniter\Session\Handlers\FileHandler' driver.
INFO - 2023-12-12 13:03:19 --> Session: Class initialized using 'CodeIgniter\Session\Handlers\FileHandler' driver.
INFO - 2023-12-12 13:05:32 --> AuthController initialized
INFO - 2023-12-12 13:05:32 --> type USERNAME
INFO - 2023-12-12 13:05:32 --> user user1 found and loged in
INFO - 2023-12-12 13:05:32 --> Session: Class initialized using 'CodeIgniter\Session\Handlers\FileHandler' driver.
INFO - 2023-12-12 13:05:32 --> session created with s_id hhh30nld3p2jf5sbq8ll8vpqnbmnv7uo
INFO - 2023-12-12 13:05:32 --> Session: Class initialized using 'CodeIgniter\Session\Handlers\FileHandler' driver.
INFO - 2023-12-12 13:05:44 --> Session: Class initialized using 'CodeIgniter\Session\Handlers\FileHandler' driver.
INFO - 2023-12-12 13:05:44 --> Session: Class initialized using 'CodeIgniter\Session\Handlers\FileHandler' driver.
INFO - 2023-12-12 13:07:50 --> Session: Class initialized using 'CodeIgniter\Session\Handlers\FileHandler' driver.
INFO - 2023-12-12 13:07:50 --> Session: Class initialized using 'CodeIgniter\Session\Handlers\FileHandler' driver.
INFO - 2023-12-12 13:07:52 --> Session: Class initialized using 'CodeIgniter\Session\Handlers\FileHandler' driver.
INFO - 2023-12-12 13:07:52 --> Session: Class initialized using 'CodeIgniter\Session\Handlers\FileHandler' driver.
INFO - 2023-12-12 13:07:58 --> Session: Class initialized using 'CodeIgniter\Session\Handlers\FileHandler' driver.
INFO - 2023-12-12 13:07:58 --> Session: Class initialized using 'CodeIgniter\Session\Handlers\FileHandler' driver.
INFO - 2023-12-12 13:07:59 --> Session: Class initialized using 'CodeIgniter\Session\Handlers\FileHandler' driver.
INFO - 2023-12-12 13:07:59 --> Session: Class initialized using 'CodeIgniter\Session\Handlers\FileHandler' driver.
INFO - 2023-12-12 13:08:00 --> Session: Class initialized using 'CodeIgniter\Session\Handlers\FileHandler' driver.
INFO - 2023-12-12 13:08:00 --> Session: Class initialized using 'CodeIgniter\Session\Handlers\FileHandler' driver.
INFO - 2023-12-12 13:08:00 --> Session: Class initialized using 'CodeIgniter\Session\Handlers\FileHandler' driver.
INFO - 2023-12-12 13:08:00 --> Session: Class initialized using 'CodeIgniter\Session\Handlers\FileHandler' driver.
INFO - 2023-12-12 13:08:01 --> Session: Class initialized using 'CodeIgniter\Session\Handlers\FileHandler' driver.
INFO - 2023-12-12 13:08:01 --> Session: Class initialized using 'CodeIgniter\Session\Handlers\FileHandler' driver.
INFO - 2023-12-12 13:08:01 --> Session: Class initialized using 'CodeIgniter\Session\Handlers\FileHandler' driver.
INFO - 2023-12-12 13:08:01 --> Session: Class initialized using 'CodeIgniter\Session\Handlers\FileHandler' driver.
INFO - 2023-12-12 13:09:30 --> Session: Class initialized using 'CodeIgniter\Session\Handlers\FileHandler' driver.
INFO - 2023-12-12 13:09:30 --> Session: Class initialized using 'CodeIgniter\Session\Handlers\FileHandler' driver.
INFO - 2023-12-12 13:09:41 --> Session: Class initialized using 'CodeIgniter\Session\Handlers\FileHandler' driver.
CRITICAL - 2023-12-12 13:09:41 --> Call to undefined function App\Controllers\print_f()
in APPPATH\Controllers\Home.php on line 34.
 1 SYSTEMPATH\CodeIgniter.php(942): App\Controllers\Home->index()
 2 SYSTEMPATH\CodeIgniter.php(502): CodeIgniter\CodeIgniter->runController(Object(App\Controllers\Home))
 3 SYSTEMPATH\CodeIgniter.php(361): CodeIgniter\CodeIgniter->handleRequest(null, Object(Config\Cache), false)
 4 FCPATH\index.php(80): CodeIgniter\CodeIgniter->run()
 5 SYSTEMPATH\Commands\Server\rewrite.php(47): require_once('C:\\Apache24\\htdocs\\commerce\\public\\index.php')
INFO - 2023-12-12 13:09:42 --> Session: Class initialized using 'CodeIgniter\Session\Handlers\FileHandler' driver.
CRITICAL - 2023-12-12 13:09:42 --> Call to undefined function App\Controllers\print_f()
in APPPATH\Controllers\Home.php on line 34.
 1 SYSTEMPATH\CodeIgniter.php(942): App\Controllers\Home->index()
 2 SYSTEMPATH\CodeIgniter.php(502): CodeIgniter\CodeIgniter->runController(Object(App\Controllers\Home))
 3 SYSTEMPATH\CodeIgniter.php(361): CodeIgniter\CodeIgniter->handleRequest(null, Object(Config\Cache), false)
 4 FCPATH\index.php(80): CodeIgniter\CodeIgniter->run()
 5 SYSTEMPATH\Commands\Server\rewrite.php(47): require_once('C:\\Apache24\\htdocs\\commerce\\public\\index.php')
INFO - 2023-12-12 13:09:50 --> Session: Class initialized using 'CodeIgniter\Session\Handlers\FileHandler' driver.
INFO - 2023-12-12 13:09:50 --> Session: Class initialized using 'CodeIgniter\Session\Handlers\FileHandler' driver.
INFO - 2023-12-12 13:10:06 --> Session: Class initialized using 'CodeIgniter\Session\Handlers\FileHandler' driver.
INFO - 2023-12-12 13:10:06 --> Session: Class initialized using 'CodeIgniter\Session\Handlers\FileHandler' driver.
INFO - 2023-12-12 13:11:53 --> Session: Class initialized using 'CodeIgniter\Session\Handlers\FileHandler' driver.
INFO - 2023-12-12 13:11:53 --> Session: Class initialized using 'CodeIgniter\Session\Handlers\FileHandler' driver.
INFO - 2023-12-12 13:12:00 --> Session: Class initialized using 'CodeIgniter\Session\Handlers\FileHandler' driver.
INFO - 2023-12-12 13:12:00 --> Session: Class initialized using 'CodeIgniter\Session\Handlers\FileHandler' driver.
INFO - 2023-12-12 13:12:01 --> Session: Class initialized using 'CodeIgniter\Session\Handlers\FileHandler' driver.
INFO - 2023-12-12 13:12:01 --> Session: Class initialized using 'CodeIgniter\Session\Handlers\FileHandler' driver.
INFO - 2023-12-12 13:12:03 --> Session: Class initialized using 'CodeIgniter\Session\Handlers\FileHandler' driver.
INFO - 2023-12-12 13:12:04 --> Session: Class initialized using 'CodeIgniter\Session\Handlers\FileHandler' driver.
INFO - 2023-12-12 13:12:07 --> Session: Class initialized using 'CodeIgniter\Session\Handlers\FileHandler' driver.
INFO - 2023-12-12 13:12:07 --> Session: Class initialized using 'CodeIgniter\Session\Handlers\FileHandler' driver.
INFO - 2023-12-12 13:12:29 --> Session: Class initialized using 'CodeIgniter\Session\Handlers\FileHandler' driver.
INFO - 2023-12-12 13:12:29 --> Session: Class initialized using 'CodeIgniter\Session\Handlers\FileHandler' driver.
INFO - 2023-12-12 13:12:35 --> Session: Class initialized using 'CodeIgniter\Session\Handlers\FileHandler' driver.
INFO - 2023-12-12 13:12:35 --> Session: Class initialized using 'CodeIgniter\Session\Handlers\FileHandler' driver.
INFO - 2023-12-12 13:12:36 --> Session: Class initialized using 'CodeIgniter\Session\Handlers\FileHandler' driver.
INFO - 2023-12-12 13:12:36 --> Session: Class initialized using 'CodeIgniter\Session\Handlers\FileHandler' driver.
INFO - 2023-12-12 13:12:40 --> Session: Class initialized using 'CodeIgniter\Session\Handlers\FileHandler' driver.
INFO - 2023-12-12 13:12:40 --> Session: Class initialized using 'CodeIgniter\Session\Handlers\FileHandler' driver.
INFO - 2023-12-12 13:13:01 --> Session: Class initialized using 'CodeIgniter\Session\Handlers\FileHandler' driver.
INFO - 2023-12-12 13:13:01 --> Session: Class initialized using 'CodeIgniter\Session\Handlers\FileHandler' driver.
INFO - 2023-12-12 13:13:02 --> Session: Class initialized using 'CodeIgniter\Session\Handlers\FileHandler' driver.
CRITICAL - 2023-12-12 13:13:02 --> session_destroy(): Trying to destroy uninitialized session
in SYSTEMPATH\Session\Session.php on line 434.
 1 [internal function]: CodeIgniter\Debug\Exceptions->errorHandler(2, 'session_destroy(): Trying to destroy uninitialized session', 'C:\\Apache24\\htdocs\\commerce\\system\\Session\\Session.php', 434)
 2 SYSTEMPATH\Session\Session.php(434): session_destroy()
 3 APPPATH\Controllers\AuthController.php(66): CodeIgniter\Session\Session->destroy()
 4 SYSTEMPATH\CodeIgniter.php(942): App\Controllers\AuthController->logout()
 5 SYSTEMPATH\CodeIgniter.php(502): CodeIgniter\CodeIgniter->runController(Object(App\Controllers\AuthController))
 6 SYSTEMPATH\CodeIgniter.php(361): CodeIgniter\CodeIgniter->handleRequest(null, Object(Config\Cache), false)
 7 FCPATH\index.php(80): CodeIgniter\CodeIgniter->run()
 8 SYSTEMPATH\Commands\Server\rewrite.php(47): require_once('C:\\Apache24\\htdocs\\commerce\\public\\index.php')
INFO - 2023-12-12 13:15:46 --> Session: Class initialized using 'CodeIgniter\Session\Handlers\FileHandler' driver.
CRITICAL - 2023-12-12 13:15:46 --> session_destroy(): Trying to destroy uninitialized session
in SYSTEMPATH\Session\Session.php on line 434.
 1 [internal function]: CodeIgniter\Debug\Exceptions->errorHandler(2, 'session_destroy(): Trying to destroy uninitialized session', 'C:\\Apache24\\htdocs\\commerce\\system\\Session\\Session.php', 434)
 2 SYSTEMPATH\Session\Session.php(434): session_destroy()
 3 APPPATH\Controllers\AuthController.php(60): CodeIgniter\Session\Session->destroy()
 4 SYSTEMPATH\CodeIgniter.php(942): App\Controllers\AuthController->logout()
 5 SYSTEMPATH\CodeIgniter.php(502): CodeIgniter\CodeIgniter->runController(Object(App\Controllers\AuthController))
 6 SYSTEMPATH\CodeIgniter.php(361): CodeIgniter\CodeIgniter->handleRequest(null, Object(Config\Cache), false)
 7 FCPATH\index.php(80): CodeIgniter\CodeIgniter->run()
 8 SYSTEMPATH\Commands\Server\rewrite.php(47): require_once('C:\\Apache24\\htdocs\\commerce\\public\\index.php')
INFO - 2023-12-12 13:15:47 --> Session: Class initialized using 'CodeIgniter\Session\Handlers\FileHandler' driver.
CRITICAL - 2023-12-12 13:15:47 --> session_destroy(): Trying to destroy uninitialized session
in SYSTEMPATH\Session\Session.php on line 434.
 1 [internal function]: CodeIgniter\Debug\Exceptions->errorHandler(2, 'session_destroy(): Trying to destroy uninitialized session', 'C:\\Apache24\\htdocs\\commerce\\system\\Session\\Session.php', 434)
 2 SYSTEMPATH\Session\Session.php(434): session_destroy()
 3 APPPATH\Controllers\AuthController.php(60): CodeIgniter\Session\Session->destroy()
 4 SYSTEMPATH\CodeIgniter.php(942): App\Controllers\AuthController->logout()
 5 SYSTEMPATH\CodeIgniter.php(502): CodeIgniter\CodeIgniter->runController(Object(App\Controllers\AuthController))
 6 SYSTEMPATH\CodeIgniter.php(361): CodeIgniter\CodeIgniter->handleRequest(null, Object(Config\Cache), false)
 7 FCPATH\index.php(80): CodeIgniter\CodeIgniter->run()
 8 SYSTEMPATH\Commands\Server\rewrite.php(47): require_once('C:\\Apache24\\htdocs\\commerce\\public\\index.php')
INFO - 2023-12-12 13:15:48 --> Session: Class initialized using 'CodeIgniter\Session\Handlers\FileHandler' driver.
INFO - 2023-12-12 13:15:48 --> Session: Class initialized using 'CodeIgniter\Session\Handlers\FileHandler' driver.
INFO - 2023-12-12 13:15:49 --> Session: Class initialized using 'CodeIgniter\Session\Handlers\FileHandler' driver.
INFO - 2023-12-12 13:15:49 --> Session: Class initialized using 'CodeIgniter\Session\Handlers\FileHandler' driver.
INFO - 2023-12-12 13:15:51 --> Session: Class initialized using 'CodeIgniter\Session\Handlers\FileHandler' driver.
CRITICAL - 2023-12-12 13:15:51 --> session_destroy(): Trying to destroy uninitialized session
in SYSTEMPATH\Session\Session.php on line 434.
 1 [internal function]: CodeIgniter\Debug\Exceptions->errorHandler(2, 'session_destroy(): Trying to destroy uninitialized session', 'C:\\Apache24\\htdocs\\commerce\\system\\Session\\Session.php', 434)
 2 SYSTEMPATH\Session\Session.php(434): session_destroy()
 3 APPPATH\Controllers\AuthController.php(60): CodeIgniter\Session\Session->destroy()
 4 SYSTEMPATH\CodeIgniter.php(942): App\Controllers\AuthController->logout()
 5 SYSTEMPATH\CodeIgniter.php(502): CodeIgniter\CodeIgniter->runController(Object(App\Controllers\AuthController))
 6 SYSTEMPATH\CodeIgniter.php(361): CodeIgniter\CodeIgniter->handleRequest(null, Object(Config\Cache), false)
 7 FCPATH\index.php(80): CodeIgniter\CodeIgniter->run()
 8 SYSTEMPATH\Commands\Server\rewrite.php(47): require_once('C:\\Apache24\\htdocs\\commerce\\public\\index.php')
INFO - 2023-12-12 13:16:18 --> Session: Class initialized using 'CodeIgniter\Session\Handlers\FileHandler' driver.
INFO - 2023-12-12 13:16:52 --> Session: Class initialized using 'CodeIgniter\Session\Handlers\FileHandler' driver.
INFO - 2023-12-12 13:16:52 --> Session: Class initialized using 'CodeIgniter\Session\Handlers\FileHandler' driver.
INFO - 2023-12-12 13:16:55 --> Session: Class initialized using 'CodeIgniter\Session\Handlers\FileHandler' driver.
INFO - 2023-12-12 13:16:55 --> Session: Class initialized using 'CodeIgniter\Session\Handlers\FileHandler' driver.
INFO - 2023-12-12 13:17:05 --> AuthController initialized
INFO - 2023-12-12 13:17:05 --> type USERNAME
INFO - 2023-12-12 13:17:05 --> Session: Class initialized using 'CodeIgniter\Session\Handlers\FileHandler' driver.
CRITICAL - 2023-12-12 13:17:05 --> Undefined variable $userloginL
in APPPATH\Controllers\AuthController.php on line 46.
 1 APPPATH\Controllers\AuthController.php(46): CodeIgniter\Debug\Exceptions->errorHandler(2, 'Undefined variable $userloginL', 'C:\\Apache24\\htdocs\\commerce\\app\\Controllers\\AuthController.php', 46)
 2 SYSTEMPATH\CodeIgniter.php(942): App\Controllers\AuthController->login()
 3 SYSTEMPATH\CodeIgniter.php(502): CodeIgniter\CodeIgniter->runController(Object(App\Controllers\AuthController))
 4 SYSTEMPATH\CodeIgniter.php(361): CodeIgniter\CodeIgniter->handleRequest(null, Object(Config\Cache), false)
 5 FCPATH\index.php(80): CodeIgniter\CodeIgniter->run()
 6 SYSTEMPATH\Commands\Server\rewrite.php(47): require_once('C:\\Apache24\\htdocs\\commerce\\public\\index.php')
INFO - 2023-12-12 13:17:17 --> AuthController initialized
INFO - 2023-12-12 13:17:17 --> type USERNAME
INFO - 2023-12-12 13:17:17 --> Session: Class initialized using 'CodeIgniter\Session\Handlers\FileHandler' driver.
INFO - 2023-12-12 13:17:17 --> session created with s_id 4gk5l2iklauqh3ipmnbn8tbi9hbufdbr for user user1
INFO - 2023-12-12 13:18:09 --> Session: Class initialized using 'CodeIgniter\Session\Handlers\FileHandler' driver.
INFO - 2023-12-12 13:18:09 --> Session: Class initialized using 'CodeIgniter\Session\Handlers\FileHandler' driver.
INFO - 2023-12-12 13:20:19 --> Session: Class initialized using 'CodeIgniter\Session\Handlers\FileHandler' driver.
INFO - 2023-12-12 13:20:23 --> Session: Class initialized using 'CodeIgniter\Session\Handlers\FileHandler' driver.
INFO - 2023-12-12 13:20:23 --> Session: Class initialized using 'CodeIgniter\Session\Handlers\FileHandler' driver.
INFO - 2023-12-12 13:20:25 --> Session: Class initialized using 'CodeIgniter\Session\Handlers\FileHandler' driver.
INFO - 2023-12-12 13:20:25 --> Session: Class initialized using 'CodeIgniter\Session\Handlers\FileHandler' driver.
INFO - 2023-12-12 13:21:35 --> Session: Class initialized using 'CodeIgniter\Session\Handlers\FileHandler' driver.
INFO - 2023-12-12 13:21:35 --> Session: Class initialized using 'CodeIgniter\Session\Handlers\FileHandler' driver.
INFO - 2023-12-12 13:21:44 --> AuthController initialized
INFO - 2023-12-12 13:21:44 --> type USERNAME
INFO - 2023-12-12 13:21:44 --> Session: Class initialized using 'CodeIgniter\Session\Handlers\FileHandler' driver.
INFO - 2023-12-12 13:21:44 --> session created with s_id s18veg5ii6g10ndfmqbfmehr7n6u9oqr for user user1
INFO - 2023-12-12 13:21:44 --> Session: Class initialized using 'CodeIgniter\Session\Handlers\FileHandler' driver.
INFO - 2023-12-12 13:21:44 --> Session: Class initialized using 'CodeIgniter\Session\Handlers\FileHandler' driver.
INFO - 2023-12-12 13:21:47 --> Session: Class initialized using 'CodeIgniter\Session\Handlers\FileHandler' driver.
INFO - 2023-12-12 13:22:16 --> Session: Class initialized using 'CodeIgniter\Session\Handlers\FileHandler' driver.
INFO - 2023-12-12 13:22:16 --> Session: Class initialized using 'CodeIgniter\Session\Handlers\FileHandler' driver.
INFO - 2023-12-12 13:22:23 --> AuthController initialized
INFO - 2023-12-12 13:22:23 --> type USERNAME
INFO - 2023-12-12 13:22:23 --> Session: Class initialized using 'CodeIgniter\Session\Handlers\FileHandler' driver.
INFO - 2023-12-12 13:22:23 --> session created with s_id pf2ac5378mgpq53fqukkaklva30p52es for user user1
INFO - 2023-12-12 13:22:23 --> Session: Class initialized using 'CodeIgniter\Session\Handlers\FileHandler' driver.
INFO - 2023-12-12 13:22:23 --> Session: Class initialized using 'CodeIgniter\Session\Handlers\FileHandler' driver.
INFO - 2023-12-12 13:22:24 --> Session: Class initialized using 'CodeIgniter\Session\Handlers\FileHandler' driver.
INFO - 2023-12-12 13:22:24 --> Session: Class initialized using 'CodeIgniter\Session\Handlers\FileHandler' driver.
INFO - 2023-12-12 13:22:24 --> Session: Class initialized using 'CodeIgniter\Session\Handlers\FileHandler' driver.
INFO - 2023-12-12 14:24:58 --> AuthController initialized
INFO - 2023-12-12 14:24:58 --> type USERNAME
ERROR - 2023-12-12 14:24:58 --> mysqli_sql_exception: Table 'commerce.utilisateur' doesn't exist in C:\Apache24\htdocs\commerce\system\Database\MySQLi\Connection.php:306
Stack trace:
#0 C:\Apache24\htdocs\commerce\system\Database\MySQLi\Connection.php(306): mysqli->query('SELECT *\nFROM `...', 0)
#1 C:\Apache24\htdocs\commerce\system\Database\BaseConnection.php(693): CodeIgniter\Database\MySQLi\Connection->execute('SELECT *\nFROM `...')
#2 C:\Apache24\htdocs\commerce\system\Database\BaseConnection.php(607): CodeIgniter\Database\BaseConnection->simpleQuery('SELECT *\nFROM `...')
#3 C:\Apache24\htdocs\commerce\system\Database\BaseBuilder.php(1615): CodeIgniter\Database\BaseConnection->query('SELECT *\nFROM `...', Array, false)
#4 C:\Apache24\htdocs\commerce\system\Model.php(264): CodeIgniter\Database\BaseBuilder->get()
#5 C:\Apache24\htdocs\commerce\system\BaseModel.php(662): CodeIgniter\Model->doFirst()
#6 C:\Apache24\htdocs\commerce\app\Controllers\AuthController.php(38): CodeIgniter\BaseModel->first()
#7 C:\Apache24\htdocs\commerce\system\CodeIgniter.php(942): App\Controllers\AuthController->login()
#8 C:\Apache24\htdocs\commerce\system\CodeIgniter.php(502): CodeIgniter\CodeIgniter->runController(Object(App\Controllers\AuthController))
#9 C:\Apache24\htdocs\commerce\system\CodeIgniter.php(361): CodeIgniter\CodeIgniter->handleRequest(NULL, Object(Config\Cache), false)
#10 C:\Apache24\htdocs\commerce\public\index.php(80): CodeIgniter\CodeIgniter->run()
#11 C:\Apache24\htdocs\commerce\system\Commands\Server\rewrite.php(47): require_once('C:\\Apache24\\htd...')
#12 {main}
CRITICAL - 2023-12-12 14:24:58 --> Table 'commerce.utilisateur' doesn't exist
in SYSTEMPATH\Database\BaseConnection.php on line 647.
 1 SYSTEMPATH\Database\BaseBuilder.php(1615): CodeIgniter\Database\BaseConnection->query('SELECT *
FROM `utilisateur`
WHERE `login` = :login:
 LIMIT 1', [...], false)
 2 SYSTEMPATH\Model.php(264): CodeIgniter\Database\BaseBuilder->get()
 3 SYSTEMPATH\BaseModel.php(662): CodeIgniter\Model->doFirst()
 4 APPPATH\Controllers\AuthController.php(38): CodeIgniter\BaseModel->first()
 5 SYSTEMPATH\CodeIgniter.php(942): App\Controllers\AuthController->login()
 6 SYSTEMPATH\CodeIgniter.php(502): CodeIgniter\CodeIgniter->runController(Object(App\Controllers\AuthController))
 7 SYSTEMPATH\CodeIgniter.php(361): CodeIgniter\CodeIgniter->handleRequest(null, Object(Config\Cache), false)
 8 FCPATH\index.php(80): CodeIgniter\CodeIgniter->run()
 9 SYSTEMPATH\Commands\Server\rewrite.php(47): require_once('C:\\Apache24\\htdocs\\commerce\\public\\index.php')
INFO - 2023-12-12 14:25:11 --> AuthController initialized
INFO - 2023-12-12 14:25:11 --> type USERNAME
CRITICAL - 2023-12-12 14:25:11 --> Attempt to read property "password" on array
in APPPATH\Controllers\AuthController.php on line 42.
 1 APPPATH\Controllers\AuthController.php(42): CodeIgniter\Debug\Exceptions->errorHandler(2, 'Attempt to read property "password" on array', 'C:\\Apache24\\htdocs\\commerce\\app\\Controllers\\AuthController.php', 42)
 2 SYSTEMPATH\CodeIgniter.php(942): App\Controllers\AuthController->login()
 3 SYSTEMPATH\CodeIgniter.php(502): CodeIgniter\CodeIgniter->runController(Object(App\Controllers\AuthController))
 4 SYSTEMPATH\CodeIgniter.php(361): CodeIgniter\CodeIgniter->handleRequest(null, Object(Config\Cache), false)
 5 FCPATH\index.php(80): CodeIgniter\CodeIgniter->run()
 6 SYSTEMPATH\Commands\Server\rewrite.php(47): require_once('C:\\Apache24\\htdocs\\commerce\\public\\index.php')
INFO - 2023-12-12 14:26:14 --> AuthController initialized
INFO - 2023-12-12 14:26:14 --> type USERNAME
CRITICAL - 2023-12-12 14:26:14 --> Attempt to read property "password" on array
in APPPATH\Controllers\AuthController.php on line 43.
 1 APPPATH\Controllers\AuthController.php(43): CodeIgniter\Debug\Exceptions->errorHandler(2, 'Attempt to read property "password" on array', 'C:\\Apache24\\htdocs\\commerce\\app\\Controllers\\AuthController.php', 43)
 2 SYSTEMPATH\CodeIgniter.php(942): App\Controllers\AuthController->login()
 3 SYSTEMPATH\CodeIgniter.php(502): CodeIgniter\CodeIgniter->runController(Object(App\Controllers\AuthController))
 4 SYSTEMPATH\CodeIgniter.php(361): CodeIgniter\CodeIgniter->handleRequest(null, Object(Config\Cache), false)
 5 FCPATH\index.php(80): CodeIgniter\CodeIgniter->run()
 6 SYSTEMPATH\Commands\Server\rewrite.php(47): require_once('C:\\Apache24\\htdocs\\commerce\\public\\index.php')
INFO - 2023-12-12 14:26:36 --> AuthController initialized
INFO - 2023-12-12 14:26:36 --> type USERNAME
CRITICAL - 2023-12-12 14:26:36 --> Attempt to read property "password" on array
in APPPATH\Controllers\AuthController.php on line 42.
 1 APPPATH\Controllers\AuthController.php(42): CodeIgniter\Debug\Exceptions->errorHandler(2, 'Attempt to read property "password" on array', 'C:\\Apache24\\htdocs\\commerce\\app\\Controllers\\AuthController.php', 42)
 2 SYSTEMPATH\CodeIgniter.php(942): App\Controllers\AuthController->login()
 3 SYSTEMPATH\CodeIgniter.php(502): CodeIgniter\CodeIgniter->runController(Object(App\Controllers\AuthController))
 4 SYSTEMPATH\CodeIgniter.php(361): CodeIgniter\CodeIgniter->handleRequest(null, Object(Config\Cache), false)
 5 FCPATH\index.php(80): CodeIgniter\CodeIgniter->run()
 6 SYSTEMPATH\Commands\Server\rewrite.php(47): require_once('C:\\Apache24\\htdocs\\commerce\\public\\index.php')
INFO - 2023-12-12 15:17:20 --> AuthController initialized
INFO - 2023-12-12 15:17:20 --> type USERNAME
CRITICAL - 2023-12-12 15:17:20 --> Attempt to read property "password" on array
in APPPATH\Controllers\AuthController.php on line 42.
 1 APPPATH\Controllers\AuthController.php(42): CodeIgniter\Debug\Exceptions->errorHandler(2, 'Attempt to read property "password" on array', 'C:\\Apache24\\htdocs\\commerce\\app\\Controllers\\AuthController.php', 42)
 2 SYSTEMPATH\CodeIgniter.php(942): App\Controllers\AuthController->login()
 3 SYSTEMPATH\CodeIgniter.php(502): CodeIgniter\CodeIgniter->runController(Object(App\Controllers\AuthController))
 4 SYSTEMPATH\CodeIgniter.php(361): CodeIgniter\CodeIgniter->handleRequest(null, Object(Config\Cache), false)
 5 FCPATH\index.php(80): CodeIgniter\CodeIgniter->run()
 6 SYSTEMPATH\Commands\Server\rewrite.php(47): require_once('C:\\Apache24\\htdocs\\commerce\\public\\index.php')
INFO - 2023-12-12 15:19:13 --> AuthController initialized
INFO - 2023-12-12 15:19:13 --> type USERNAME
CRITICAL - 2023-12-12 15:19:13 --> Attempt to read property "password" on array
in APPPATH\Controllers\AuthController.php on line 41.
 1 APPPATH\Controllers\AuthController.php(41): CodeIgniter\Debug\Exceptions->errorHandler(2, 'Attempt to read property "password" on array', 'C:\\Apache24\\htdocs\\commerce\\app\\Controllers\\AuthController.php', 41)
 2 SYSTEMPATH\CodeIgniter.php(942): App\Controllers\AuthController->login()
 3 SYSTEMPATH\CodeIgniter.php(502): CodeIgniter\CodeIgniter->runController(Object(App\Controllers\AuthController))
 4 SYSTEMPATH\CodeIgniter.php(361): CodeIgniter\CodeIgniter->handleRequest(null, Object(Config\Cache), false)
 5 FCPATH\index.php(80): CodeIgniter\CodeIgniter->run()
 6 SYSTEMPATH\Commands\Server\rewrite.php(47): require_once('C:\\Apache24\\htdocs\\commerce\\public\\index.php')
INFO - 2023-12-12 15:19:34 --> AuthController initialized
INFO - 2023-12-12 15:19:34 --> type USERNAME
CRITICAL - 2023-12-12 15:19:34 --> Attempt to read property "password" on array
in APPPATH\Controllers\AuthController.php on line 39.
 1 APPPATH\Controllers\AuthController.php(39): CodeIgniter\Debug\Exceptions->errorHandler(2, 'Attempt to read property "password" on array', 'C:\\Apache24\\htdocs\\commerce\\app\\Controllers\\AuthController.php', 39)
 2 SYSTEMPATH\CodeIgniter.php(942): App\Controllers\AuthController->login()
 3 SYSTEMPATH\CodeIgniter.php(502): CodeIgniter\CodeIgniter->runController(Object(App\Controllers\AuthController))
 4 SYSTEMPATH\CodeIgniter.php(361): CodeIgniter\CodeIgniter->handleRequest(null, Object(Config\Cache), false)
 5 FCPATH\index.php(80): CodeIgniter\CodeIgniter->run()
 6 SYSTEMPATH\Commands\Server\rewrite.php(47): require_once('C:\\Apache24\\htdocs\\commerce\\public\\index.php')
INFO - 2023-12-12 15:19:39 --> AuthController initialized
INFO - 2023-12-12 15:19:39 --> type USERNAME
CRITICAL - 2023-12-12 15:19:39 --> Attempt to read property "password" on array
in APPPATH\Controllers\AuthController.php on line 39.
 1 APPPATH\Controllers\AuthController.php(39): CodeIgniter\Debug\Exceptions->errorHandler(2, 'Attempt to read property "password" on array', 'C:\\Apache24\\htdocs\\commerce\\app\\Controllers\\AuthController.php', 39)
 2 SYSTEMPATH\CodeIgniter.php(942): App\Controllers\AuthController->login()
 3 SYSTEMPATH\CodeIgniter.php(502): CodeIgniter\CodeIgniter->runController(Object(App\Controllers\AuthController))
 4 SYSTEMPATH\CodeIgniter.php(361): CodeIgniter\CodeIgniter->handleRequest(null, Object(Config\Cache), false)
 5 FCPATH\index.php(80): CodeIgniter\CodeIgniter->run()
 6 SYSTEMPATH\Commands\Server\rewrite.php(47): require_once('C:\\Apache24\\htdocs\\commerce\\public\\index.php')
INFO - 2023-12-12 15:19:40 --> AuthController initialized
INFO - 2023-12-12 15:19:40 --> type USERNAME
CRITICAL - 2023-12-12 15:19:40 --> Attempt to read property "password" on array
in APPPATH\Controllers\AuthController.php on line 39.
 1 APPPATH\Controllers\AuthController.php(39): CodeIgniter\Debug\Exceptions->errorHandler(2, 'Attempt to read property "password" on array', 'C:\\Apache24\\htdocs\\commerce\\app\\Controllers\\AuthController.php', 39)
 2 SYSTEMPATH\CodeIgniter.php(942): App\Controllers\AuthController->login()
 3 SYSTEMPATH\CodeIgniter.php(502): CodeIgniter\CodeIgniter->runController(Object(App\Controllers\AuthController))
 4 SYSTEMPATH\CodeIgniter.php(361): CodeIgniter\CodeIgniter->handleRequest(null, Object(Config\Cache), false)
 5 FCPATH\index.php(80): CodeIgniter\CodeIgniter->run()
 6 SYSTEMPATH\Commands\Server\rewrite.php(47): require_once('C:\\Apache24\\htdocs\\commerce\\public\\index.php')
INFO - 2023-12-12 15:20:02 --> AuthController initialized
INFO - 2023-12-12 15:20:02 --> type USERNAME
INFO - 2023-12-12 15:20:19 --> AuthController initialized
INFO - 2023-12-12 15:20:19 --> type USERNAME
CRITICAL - 2023-12-12 15:20:56 --> syntax error, unexpected token ")", expecting identifier or variable or "{" or "$"
in APPPATH\Controllers\AuthController.php on line 39.
 1 SYSTEMPATH\Autoloader\Autoloader.php(291): CodeIgniter\Autoloader\Autoloader->includeFile('C:\\Apache24\\htdocs\\commerce\\app\\Controllers\\AuthController.php')
 2 SYSTEMPATH\Autoloader\Autoloader.php(269): CodeIgniter\Autoloader\Autoloader->loadInNamespace('App\\Controllers\\AuthController')
 3 [internal function]: CodeIgniter\Autoloader\Autoloader->loadClass('App\\Controllers\\AuthController')
 4 SYSTEMPATH\CodeIgniter.php(900): class_exists('\\App\\Controllers\\AuthController', true)
 5 SYSTEMPATH\CodeIgniter.php(489): CodeIgniter\CodeIgniter->startController()
 6 SYSTEMPATH\CodeIgniter.php(361): CodeIgniter\CodeIgniter->handleRequest(null, Object(Config\Cache), false)
 7 FCPATH\index.php(80): CodeIgniter\CodeIgniter->run()
 8 SYSTEMPATH\Commands\Server\rewrite.php(47): require_once('C:\\Apache24\\htdocs\\commerce\\public\\index.php')
INFO - 2023-12-12 15:21:18 --> AuthController initialized
INFO - 2023-12-12 15:21:18 --> type USERNAME
INFO - 2023-12-12 15:21:26 --> AuthController initialized
INFO - 2023-12-12 15:21:26 --> type USERNAME
INFO - 2023-12-12 15:21:26 --> Session: Class initialized using 'CodeIgniter\Session\Handlers\FileHandler' driver.
INFO - 2023-12-12 15:21:26 --> session created with s_id 3i86qpa5bfqr9sa5m4522de5l07omf90 for user user1
INFO - 2023-12-12 15:21:26 --> Session: Class initialized using 'CodeIgniter\Session\Handlers\FileHandler' driver.
INFO - 2023-12-12 15:22:11 --> RegistrationController initialized
CRITICAL - 2023-12-12 15:22:11 --> Call to a member function get() on array
in APPPATH\Controllers\RegistrationController.php on line 25.
 1 SYSTEMPATH\CodeIgniter.php(942): App\Controllers\RegistrationController->createUser()
 2 SYSTEMPATH\CodeIgniter.php(502): CodeIgniter\CodeIgniter->runController(Object(App\Controllers\RegistrationController))
 3 SYSTEMPATH\CodeIgniter.php(361): CodeIgniter\CodeIgniter->handleRequest(null, Object(Config\Cache), false)
 4 FCPATH\index.php(80): CodeIgniter\CodeIgniter->run()
 5 SYSTEMPATH\Commands\Server\rewrite.php(47): require_once('C:\\Apache24\\htdocs\\commerce\\public\\index.php')
INFO - 2023-12-12 15:22:58 --> RegistrationController initialized
CRITICAL - 2023-12-12 15:22:58 --> Call to undefined function App\Controllers\var_dumpt()
in APPPATH\Controllers\RegistrationController.php on line 24.
 1 SYSTEMPATH\CodeIgniter.php(942): App\Controllers\RegistrationController->createUser()
 2 SYSTEMPATH\CodeIgniter.php(502): CodeIgniter\CodeIgniter->runController(Object(App\Controllers\RegistrationController))
 3 SYSTEMPATH\CodeIgniter.php(361): CodeIgniter\CodeIgniter->handleRequest(null, Object(Config\Cache), false)
 4 FCPATH\index.php(80): CodeIgniter\CodeIgniter->run()
 5 SYSTEMPATH\Commands\Server\rewrite.php(47): require_once('C:\\Apache24\\htdocs\\commerce\\public\\index.php')
INFO - 2023-12-12 15:23:05 --> RegistrationController initialized
CRITICAL - 2023-12-12 15:23:05 --> Call to undefined function App\Controllers\var_dumpt()
in APPPATH\Controllers\RegistrationController.php on line 24.
 1 SYSTEMPATH\CodeIgniter.php(942): App\Controllers\RegistrationController->createUser()
 2 SYSTEMPATH\CodeIgniter.php(502): CodeIgniter\CodeIgniter->runController(Object(App\Controllers\RegistrationController))
 3 SYSTEMPATH\CodeIgniter.php(361): CodeIgniter\CodeIgniter->handleRequest(null, Object(Config\Cache), false)
 4 FCPATH\index.php(80): CodeIgniter\CodeIgniter->run()
 5 SYSTEMPATH\Commands\Server\rewrite.php(47): require_once('C:\\Apache24\\htdocs\\commerce\\public\\index.php')
INFO - 2023-12-12 15:23:06 --> RegistrationController initialized
CRITICAL - 2023-12-12 15:23:06 --> Call to undefined function App\Controllers\var_dumpt()
in APPPATH\Controllers\RegistrationController.php on line 24.
 1 SYSTEMPATH\CodeIgniter.php(942): App\Controllers\RegistrationController->createUser()
 2 SYSTEMPATH\CodeIgniter.php(502): CodeIgniter\CodeIgniter->runController(Object(App\Controllers\RegistrationController))
 3 SYSTEMPATH\CodeIgniter.php(361): CodeIgniter\CodeIgniter->handleRequest(null, Object(Config\Cache), false)
 4 FCPATH\index.php(80): CodeIgniter\CodeIgniter->run()
 5 SYSTEMPATH\Commands\Server\rewrite.php(47): require_once('C:\\Apache24\\htdocs\\commerce\\public\\index.php')
INFO - 2023-12-12 15:23:16 --> RegistrationController initialized
CRITICAL - 2023-12-12 15:23:16 --> Call to undefined function App\Controllers\var_dumpt()
in APPPATH\Controllers\RegistrationController.php on line 24.
 1 SYSTEMPATH\CodeIgniter.php(942): App\Controllers\RegistrationController->createUser()
 2 SYSTEMPATH\CodeIgniter.php(502): CodeIgniter\CodeIgniter->runController(Object(App\Controllers\RegistrationController))
 3 SYSTEMPATH\CodeIgniter.php(361): CodeIgniter\CodeIgniter->handleRequest(null, Object(Config\Cache), false)
 4 FCPATH\index.php(80): CodeIgniter\CodeIgniter->run()
 5 SYSTEMPATH\Commands\Server\rewrite.php(47): require_once('C:\\Apache24\\htdocs\\commerce\\public\\index.php')
INFO - 2023-12-12 15:23:30 --> RegistrationController initialized
INFO - 2023-12-12 15:24:02 --> RegistrationController initialized
INFO - 2023-12-12 15:24:12 --> RegistrationController initialized
CRITICAL - 2023-12-12 15:24:12 --> Call to a member function get() on array
in APPPATH\Controllers\RegistrationController.php on line 25.
 1 SYSTEMPATH\CodeIgniter.php(942): App\Controllers\RegistrationController->createUser()
 2 SYSTEMPATH\CodeIgniter.php(502): CodeIgniter\CodeIgniter->runController(Object(App\Controllers\RegistrationController))
 3 SYSTEMPATH\CodeIgniter.php(361): CodeIgniter\CodeIgniter->handleRequest(null, Object(Config\Cache), false)
 4 FCPATH\index.php(80): CodeIgniter\CodeIgniter->run()
 5 SYSTEMPATH\Commands\Server\rewrite.php(47): require_once('C:\\Apache24\\htdocs\\commerce\\public\\index.php')
INFO - 2023-12-12 15:24:23 --> RegistrationController initialized
INFO - 2023-12-12 15:24:31 --> RegistrationController initialized
INFO - 2023-12-12 15:26:01 --> RegistrationController initialized
CRITICAL - 2023-12-12 15:26:01 --> Call to a member function get() on array
in APPPATH\Controllers\RegistrationController.php on line 28.
 1 SYSTEMPATH\CodeIgniter.php(942): App\Controllers\RegistrationController->createUser()
 2 SYSTEMPATH\CodeIgniter.php(502): CodeIgniter\CodeIgniter->runController(Object(App\Controllers\RegistrationController))
 3 SYSTEMPATH\CodeIgniter.php(361): CodeIgniter\CodeIgniter->handleRequest(null, Object(Config\Cache), false)
 4 FCPATH\index.php(80): CodeIgniter\CodeIgniter->run()
 5 SYSTEMPATH\Commands\Server\rewrite.php(47): require_once('C:\\Apache24\\htdocs\\commerce\\public\\index.php')
INFO - 2023-12-12 15:27:18 --> RegistrationController initialized
CRITICAL - 2023-12-12 15:27:18 --> Call to undefined method CodeIgniter\HTTP\IncomingRequest::get()
in APPPATH\Controllers\RegistrationController.php on line 25.
 1 SYSTEMPATH\CodeIgniter.php(942): App\Controllers\RegistrationController->createUser()
 2 SYSTEMPATH\CodeIgniter.php(502): CodeIgniter\CodeIgniter->runController(Object(App\Controllers\RegistrationController))
 3 SYSTEMPATH\CodeIgniter.php(361): CodeIgniter\CodeIgniter->handleRequest(null, Object(Config\Cache), false)
 4 FCPATH\index.php(80): CodeIgniter\CodeIgniter->run()
 5 SYSTEMPATH\Commands\Server\rewrite.php(47): require_once('C:\\Apache24\\htdocs\\commerce\\public\\index.php')
INFO - 2023-12-12 15:27:58 --> RegistrationController initialized
CRITICAL - 2023-12-12 15:27:58 --> Call to undefined method CodeIgniter\HTTP\IncomingRequest::get()
in APPPATH\Controllers\RegistrationController.php on line 24.
 1 SYSTEMPATH\CodeIgniter.php(942): App\Controllers\RegistrationController->createUser()
 2 SYSTEMPATH\CodeIgniter.php(502): CodeIgniter\CodeIgniter->runController(Object(App\Controllers\RegistrationController))
 3 SYSTEMPATH\CodeIgniter.php(361): CodeIgniter\CodeIgniter->handleRequest(null, Object(Config\Cache), false)
 4 FCPATH\index.php(80): CodeIgniter\CodeIgniter->run()
 5 SYSTEMPATH\Commands\Server\rewrite.php(47): require_once('C:\\Apache24\\htdocs\\commerce\\public\\index.php')
INFO - 2023-12-12 15:28:26 --> RegistrationController initialized
CRITICAL - 2023-12-12 15:28:26 --> There is no data to insert.
in SYSTEMPATH\BaseModel.php on line 768.
 1 SYSTEMPATH\BaseModel.php(768): CodeIgniter\Database\Exceptions\DataException::forEmptyDataset('insert')
 2 SYSTEMPATH\Model.php(715): CodeIgniter\BaseModel->insert([], true)
 3 APPPATH\Controllers\RegistrationController.php(28): CodeIgniter\Model->insert([...])
 4 SYSTEMPATH\CodeIgniter.php(942): App\Controllers\RegistrationController->createUser()
 5 SYSTEMPATH\CodeIgniter.php(502): CodeIgniter\CodeIgniter->runController(Object(App\Controllers\RegistrationController))
 6 SYSTEMPATH\CodeIgniter.php(361): CodeIgniter\CodeIgniter->handleRequest(null, Object(Config\Cache), false)
 7 FCPATH\index.php(80): CodeIgniter\CodeIgniter->run()
 8 SYSTEMPATH\Commands\Server\rewrite.php(47): require_once('C:\\Apache24\\htdocs\\commerce\\public\\index.php')
INFO - 2023-12-12 15:29:49 --> RegistrationController initialized
INFO - 2023-12-12 15:31:09 --> RegistrationController initialized
INFO - 2023-12-12 15:31:44 --> RegistrationController initialized
CRITICAL - 2023-12-12 15:31:44 --> There is no data to insert.
in SYSTEMPATH\BaseModel.php on line 768.
 1 SYSTEMPATH\BaseModel.php(768): CodeIgniter\Database\Exceptions\DataException::forEmptyDataset('insert')
 2 SYSTEMPATH\Model.php(715): CodeIgniter\BaseModel->insert([], true)
 3 APPPATH\Models\UtilisateurModel.php(26): CodeIgniter\Model->insert([...], true)
 4 APPPATH\Controllers\RegistrationController.php(29): App\Models\UtilisateurModel->insert([...])
 5 SYSTEMPATH\CodeIgniter.php(942): App\Controllers\RegistrationController->createUser()
 6 SYSTEMPATH\CodeIgniter.php(502): CodeIgniter\CodeIgniter->runController(Object(App\Controllers\RegistrationController))
 7 SYSTEMPATH\CodeIgniter.php(361): CodeIgniter\CodeIgniter->handleRequest(null, Object(Config\Cache), false)
 8 FCPATH\index.php(80): CodeIgniter\CodeIgniter->run()
 9 SYSTEMPATH\Commands\Server\rewrite.php(47): require_once('C:\\Apache24\\htdocs\\commerce\\public\\index.php')
INFO - 2023-12-12 15:33:13 --> RegistrationController initialized
CRITICAL - 2023-12-12 15:33:13 --> There is no data to insert.
in SYSTEMPATH\BaseModel.php on line 768.
 1 SYSTEMPATH\BaseModel.php(768): CodeIgniter\Database\Exceptions\DataException::forEmptyDataset('insert')
 2 SYSTEMPATH\Model.php(715): CodeIgniter\BaseModel->insert([], true)
 3 APPPATH\Models\UtilisateurModel.php(26): CodeIgniter\Model->insert([...], true)
 4 APPPATH\Controllers\RegistrationController.php(29): App\Models\UtilisateurModel->insert([...])
 5 SYSTEMPATH\CodeIgniter.php(942): App\Controllers\RegistrationController->createUser()
 6 SYSTEMPATH\CodeIgniter.php(502): CodeIgniter\CodeIgniter->runController(Object(App\Controllers\RegistrationController))
 7 SYSTEMPATH\CodeIgniter.php(361): CodeIgniter\CodeIgniter->handleRequest(null, Object(Config\Cache), false)
 8 FCPATH\index.php(80): CodeIgniter\CodeIgniter->run()
 9 SYSTEMPATH\Commands\Server\rewrite.php(47): require_once('C:\\Apache24\\htdocs\\commerce\\public\\index.php')
INFO - 2023-12-12 15:33:14 --> RegistrationController initialized
CRITICAL - 2023-12-12 15:33:14 --> There is no data to insert.
in SYSTEMPATH\BaseModel.php on line 768.
 1 SYSTEMPATH\BaseModel.php(768): CodeIgniter\Database\Exceptions\DataException::forEmptyDataset('insert')
 2 SYSTEMPATH\Model.php(715): CodeIgniter\BaseModel->insert([], true)
 3 APPPATH\Models\UtilisateurModel.php(26): CodeIgniter\Model->insert([...], true)
 4 APPPATH\Controllers\RegistrationController.php(29): App\Models\UtilisateurModel->insert([...])
 5 SYSTEMPATH\CodeIgniter.php(942): App\Controllers\RegistrationController->createUser()
 6 SYSTEMPATH\CodeIgniter.php(502): CodeIgniter\CodeIgniter->runController(Object(App\Controllers\RegistrationController))
 7 SYSTEMPATH\CodeIgniter.php(361): CodeIgniter\CodeIgniter->handleRequest(null, Object(Config\Cache), false)
 8 FCPATH\index.php(80): CodeIgniter\CodeIgniter->run()
 9 SYSTEMPATH\Commands\Server\rewrite.php(47): require_once('C:\\Apache24\\htdocs\\commerce\\public\\index.php')
INFO - 2023-12-12 15:38:35 --> RegistrationController initialized
INFO - 2023-12-12 15:47:24 --> RegistrationController initialized
INFO - 2023-12-12 15:48:28 --> RegistrationController initialized
INFO - 2023-12-12 15:48:34 --> RegistrationController initialized
INFO - 2023-12-12 15:48:37 --> RegistrationController initialized
INFO - 2023-12-12 15:52:08 --> RegistrationController initialized
INFO - 2023-12-12 15:53:16 --> RegistrationController initialized
INFO - 2023-12-12 15:53:17 --> RegistrationController initialized
INFO - 2023-12-12 15:54:06 --> RegistrationController initialized
INFO - 2023-12-12 15:54:11 --> RegistrationController initialized
INFO - 2023-12-12 15:54:39 --> RegistrationController initialized
INFO - 2023-12-12 15:54:43 --> RegistrationController initialized
INFO - 2023-12-12 15:55:48 --> RegistrationController initialized
INFO - 2023-12-12 15:55:49 --> RegistrationController initialized
INFO - 2023-12-12 15:55:55 --> RegistrationController initialized
CRITICAL - 2023-12-12 15:55:55 --> Attempt to read property "getInsertId" on int
in APPPATH\Controllers\RegistrationController.php on line 48.
 1 APPPATH\Controllers\RegistrationController.php(48): CodeIgniter\Debug\Exceptions->errorHandler(2, 'Attempt to read property "getInsertId" on int', 'C:\\Apache24\\htdocs\\commerce\\app\\Controllers\\RegistrationController.php', 48)
 2 SYSTEMPATH\CodeIgniter.php(942): App\Controllers\RegistrationController->createUser()
 3 SYSTEMPATH\CodeIgniter.php(502): CodeIgniter\CodeIgniter->runController(Object(App\Controllers\RegistrationController))
 4 SYSTEMPATH\CodeIgniter.php(361): CodeIgniter\CodeIgniter->handleRequest(null, Object(Config\Cache), false)
 5 FCPATH\index.php(80): CodeIgniter\CodeIgniter->run()
 6 SYSTEMPATH\Commands\Server\rewrite.php(47): require_once('C:\\Apache24\\htdocs\\commerce\\public\\index.php')
INFO - 2023-12-12 15:56:22 --> RegistrationController initialized
CRITICAL - 2023-12-12 15:56:22 --> Call to a member function insertID() on int
in APPPATH\Controllers\RegistrationController.php on line 48.
 1 SYSTEMPATH\CodeIgniter.php(942): App\Controllers\RegistrationController->createUser()
 2 SYSTEMPATH\CodeIgniter.php(502): CodeIgniter\CodeIgniter->runController(Object(App\Controllers\RegistrationController))
 3 SYSTEMPATH\CodeIgniter.php(361): CodeIgniter\CodeIgniter->handleRequest(null, Object(Config\Cache), false)
 4 FCPATH\index.php(80): CodeIgniter\CodeIgniter->run()
 5 SYSTEMPATH\Commands\Server\rewrite.php(47): require_once('C:\\Apache24\\htdocs\\commerce\\public\\index.php')
INFO - 2023-12-12 15:57:05 --> RegistrationController initialized
CRITICAL - 2023-12-12 15:57:05 --> Call to a member function insertID() on int
in APPPATH\Controllers\RegistrationController.php on line 48.
 1 SYSTEMPATH\CodeIgniter.php(942): App\Controllers\RegistrationController->createUser()
 2 SYSTEMPATH\CodeIgniter.php(502): CodeIgniter\CodeIgniter->runController(Object(App\Controllers\RegistrationController))
 3 SYSTEMPATH\CodeIgniter.php(361): CodeIgniter\CodeIgniter->handleRequest(null, Object(Config\Cache), false)
 4 FCPATH\index.php(80): CodeIgniter\CodeIgniter->run()
 5 SYSTEMPATH\Commands\Server\rewrite.php(47): require_once('C:\\Apache24\\htdocs\\commerce\\public\\index.php')
INFO - 2023-12-12 15:57:32 --> RegistrationController initialized
CRITICAL - 2023-12-12 15:57:33 --> Call to a member function insertID() on int
in APPPATH\Controllers\RegistrationController.php on line 48.
 1 SYSTEMPATH\CodeIgniter.php(942): App\Controllers\RegistrationController->createUser()
 2 SYSTEMPATH\CodeIgniter.php(502): CodeIgniter\CodeIgniter->runController(Object(App\Controllers\RegistrationController))
 3 SYSTEMPATH\CodeIgniter.php(361): CodeIgniter\CodeIgniter->handleRequest(null, Object(Config\Cache), false)
 4 FCPATH\index.php(80): CodeIgniter\CodeIgniter->run()
 5 SYSTEMPATH\Commands\Server\rewrite.php(47): require_once('C:\\Apache24\\htdocs\\commerce\\public\\index.php')
INFO - 2023-12-12 16:00:41 --> RegistrationController initialized
INFO - 2023-12-12 16:01:19 --> AuthController initialized
INFO - 2023-12-12 16:01:19 --> type USERNAME
INFO - 2023-12-12 16:01:19 --> Session: Class initialized using 'CodeIgniter\Session\Handlers\FileHandler' driver.
INFO - 2023-12-12 16:01:19 --> session created with s_id ve37mvhmlq20cg8d35uhl30hcib1std2 for user user1
INFO - 2023-12-12 16:01:19 --> Session: Class initialized using 'CodeIgniter\Session\Handlers\FileHandler' driver.
INFO - 2023-12-12 19:18:43 --> RegistrationController::createUser initialized
ERROR - 2023-12-12 19:18:43 --> mysqli_sql_exception: Column 'mail' cannot be null in C:\Apache24\htdocs\commerce\system\Database\MySQLi\Connection.php:306
Stack trace:
#0 C:\Apache24\htdocs\commerce\system\Database\MySQLi\Connection.php(306): mysqli->query('INSERT INTO `us...', 0)
#1 C:\Apache24\htdocs\commerce\system\Database\BaseConnection.php(693): CodeIgniter\Database\MySQLi\Connection->execute('INSERT INTO `us...')
#2 C:\Apache24\htdocs\commerce\system\Database\BaseConnection.php(607): CodeIgniter\Database\BaseConnection->simpleQuery('INSERT INTO `us...')
#3 C:\Apache24\htdocs\commerce\system\Database\BaseBuilder.php(2308): CodeIgniter\Database\BaseConnection->query('INSERT INTO `us...', Array, false)
#4 C:\Apache24\htdocs\commerce\system\Model.php(319): CodeIgniter\Database\BaseBuilder->insert()
#5 C:\Apache24\htdocs\commerce\system\BaseModel.php(788): CodeIgniter\Model->doInsert(Array)
#6 C:\Apache24\htdocs\commerce\system\Model.php(715): CodeIgniter\BaseModel->insert(Array, true)
#7 C:\Apache24\htdocs\commerce\app\Controllers\RegistrationController.php(48): CodeIgniter\Model->insert(Array)
#8 C:\Apache24\htdocs\commerce\system\CodeIgniter.php(942): App\Controllers\RegistrationController->createUser()
#9 C:\Apache24\htdocs\commerce\system\CodeIgniter.php(502): CodeIgniter\CodeIgniter->runController(Object(App\Controllers\RegistrationController))
#10 C:\Apache24\htdocs\commerce\system\CodeIgniter.php(361): CodeIgniter\CodeIgniter->handleRequest(NULL, Object(Config\Cache), false)
#11 C:\Apache24\htdocs\commerce\public\index.php(80): CodeIgniter\CodeIgniter->run()
#12 C:\Apache24\htdocs\commerce\system\Commands\Server\rewrite.php(47): require_once('C:\\Apache24\\htd...')
#13 {main}
CRITICAL - 2023-12-12 19:18:43 --> Column 'mail' cannot be null
in SYSTEMPATH\Database\BaseConnection.php on line 647.
 1 SYSTEMPATH\Database\BaseBuilder.php(2308): CodeIgniter\Database\BaseConnection->query('INSERT INTO `user` (`login`, `password`, `mail`, `createdAt`) VALUES (:login:, :password:, :mail:, :createdAt:)', [...], false)
 2 SYSTEMPATH\Model.php(319): CodeIgniter\Database\BaseBuilder->insert()
 3 SYSTEMPATH\BaseModel.php(788): CodeIgniter\Model->doInsert([...])
 4 SYSTEMPATH\Model.php(715): CodeIgniter\BaseModel->insert([...], true)
 5 APPPATH\Controllers\RegistrationController.php(48): CodeIgniter\Model->insert([...])
 6 SYSTEMPATH\CodeIgniter.php(942): App\Controllers\RegistrationController->createUser()
 7 SYSTEMPATH\CodeIgniter.php(502): CodeIgniter\CodeIgniter->runController(Object(App\Controllers\RegistrationController))
 8 SYSTEMPATH\CodeIgniter.php(361): CodeIgniter\CodeIgniter->handleRequest(null, Object(Config\Cache), false)
 9 FCPATH\index.php(80): CodeIgniter\CodeIgniter->run()
10 SYSTEMPATH\Commands\Server\rewrite.php(47): require_once('C:\\Apache24\\htdocs\\commerce\\public\\index.php')
INFO - 2023-12-12 19:19:33 --> RegistrationController::createUser initialized
INFO - 2023-12-12 19:19:33 --> RegistrationController::createUserFile initialized
CRITICAL - 2023-12-12 19:19:33 --> Cannot assign App\Models\UserProfileModel to property App\Controllers\RegistrationController::$userProfileModel of type App\Models\UtilisateurModel
in APPPATH\Controllers\RegistrationController.php on line 66.
 1 APPPATH\Controllers\RegistrationController.php(55): App\Controllers\RegistrationController->createUserFile(14, [...])
 2 SYSTEMPATH\CodeIgniter.php(942): App\Controllers\RegistrationController->createUser()
 3 SYSTEMPATH\CodeIgniter.php(502): CodeIgniter\CodeIgniter->runController(Object(App\Controllers\RegistrationController))
 4 SYSTEMPATH\CodeIgniter.php(361): CodeIgniter\CodeIgniter->handleRequest(null, Object(Config\Cache), false)
 5 FCPATH\index.php(80): CodeIgniter\CodeIgniter->run()
 6 SYSTEMPATH\Commands\Server\rewrite.php(47): require_once('C:\\Apache24\\htdocs\\commerce\\public\\index.php')
INFO - 2023-12-12 19:20:16 --> RegistrationController::createUser initialized
INFO - 2023-12-12 19:20:51 --> RegistrationController::createUser initialized
INFO - 2023-12-12 19:20:56 --> RegistrationController::createUser initialized
INFO - 2023-12-12 19:20:56 --> RegistrationController::createUserFile initialized
INFO - 2023-12-12 19:20:56 --> UserProfileModel::createNewUserProfile init
INFO - 2023-12-12 19:21:14 --> RegistrationController::createUser initialized
INFO - 2023-12-12 19:21:14 --> RegistrationController::createUserFile initialized
INFO - 2023-12-12 19:21:14 --> UserProfileModel::createNewUserProfile init
INFO - 2023-12-12 19:22:23 --> RegistrationController::createUser initialized
INFO - 2023-12-12 19:22:23 --> RegistrationController::createUserFile initialized
INFO - 2023-12-12 19:22:23 --> UserProfileModel::createNewUserProfile init
INFO - 2023-12-12 19:23:25 --> RegistrationController::createUser initialized
INFO - 2023-12-12 19:23:25 --> RegistrationController::createUserFile initialized
INFO - 2023-12-12 19:23:25 --> UserProfileModel::createNewUserProfile init
INFO - 2023-12-12 19:23:38 --> RegistrationController::createUser initialized
INFO - 2023-12-12 19:23:45 --> RegistrationController::createUser initialized
INFO - 2023-12-12 19:23:45 --> RegistrationController::createUserFile initialized
INFO - 2023-12-12 19:23:45 --> UserProfileModel::createNewUserProfile init
INFO - 2023-12-12 19:24:50 --> RegistrationController::createUser initialized
INFO - 2023-12-12 19:24:50 --> RegistrationController::createUserFile initialized
INFO - 2023-12-12 19:24:50 --> UserProfileModel::createNewUserProfile init
INFO - 2023-12-12 19:24:52 --> RegistrationController::createUser initialized
INFO - 2023-12-12 19:25:05 --> RegistrationController::createUser initialized
INFO - 2023-12-12 19:25:05 --> RegistrationController::createUserFile initialized
INFO - 2023-12-12 19:25:05 --> UserProfileModel::createNewUserProfile init
INFO - 2023-12-12 19:28:47 --> RegistrationController::createUser initialized
INFO - 2023-12-12 19:28:51 --> RegistrationController::createUser initialized
INFO - 2023-12-12 19:28:51 --> RegistrationController::createUserFile initialized
INFO - 2023-12-12 19:28:51 --> UserProfileModel::createNewUserProfile init
INFO - 2023-12-12 19:28:51 --> Session: Class initialized using 'CodeIgniter\Session\Handlers\FileHandler' driver.
INFO - 2023-12-12 19:28:52 --> Session: Class initialized using 'CodeIgniter\Session\Handlers\FileHandler' driver.
